C:\Program Files\Microsoft Visual Studio\2022\Community\MSBuild\Microsoft\VC\v170\Microsoft.CppBuild.targets(517,5): warning MSB8004: Output ディレクトリの末尾がスラッシュではありません。Output ディレクトリが適切に評価されるようにするために、このビルド インスタンスによってスラッシュが追加されます。
  tracker_device_driver.cpp
C:\Users\haruto\Documents\GitHub\openvr\openvr\samples\drivers\drivers\simpletrackers\src\tracker_device_driver.cpp(153,10): warning C4838: 'double' から 'float' への変換には縮小変換が必要です
C:\Users\haruto\Documents\GitHub\openvr\openvr\samples\drivers\drivers\simpletrackers\src\tracker_device_driver.cpp(153,10): warning C4244: '初期化中': 'double' から 'float' への変換です。データが失われる可能性があります。
  device_provider.cpp
  hmd_driver_factory.cpp
     ライブラリ C:\Users\haruto\Documents\GitHub\openvr\openvr\samples\drivers\output\drivers\simpletrackers\bin\win64\driver_simpletrackers.lib とオブジェクト C:\Users\haruto\Documents\GitHub\openvr\openvr\samples\drivers\output\drivers\simpletrackers\bin\win64\driver_simpletrackers.exp を作成中
  コード生成しています。
  Previous IPDB not found, fall back to full compilation.
  All 321 functions were compiled because no usable IPDB/IOBJ from previous compilation was found.
  コード生成が終了しました。
  simpletrackers.vcxproj -> C:\Users\haruto\Documents\GitHub\openvr\openvr\samples\drivers\output\drivers\simpletrackers\bin\win64\driver_simpletrackers.dll
  C:\Users\haruto\Documents\GitHub\openvr\openvr\samples\drivers\drivers\simpletrackers\simpletrackers\driver.vrdrivermanifest
  C:\Users\haruto\Documents\GitHub\openvr\openvr\samples\drivers\drivers\simpletrackers\simpletrackers\resources\driver.vrresources
  C:\Users\haruto\Documents\GitHub\openvr\openvr\samples\drivers\drivers\simpletrackers\simpletrackers\resources\input\mytracker_profile.json
  C:\Users\haruto\Documents\GitHub\openvr\openvr\samples\drivers\drivers\simpletrackers\simpletrackers\resources\input\tracker\mytracker_chest_profile.json
  C:\Users\haruto\Documents\GitHub\openvr\openvr\samples\drivers\drivers\simpletrackers\simpletrackers\resources\input\tracker\mytracker_waist_profile.json
  C:\Users\haruto\Documents\GitHub\openvr\openvr\samples\drivers\drivers\simpletrackers\simpletrackers\resources\localization\localization.json
  C:\Users\haruto\Documents\GitHub\openvr\openvr\samples\drivers\drivers\simpletrackers\simpletrackers\resources\settings\default.vrsettings
  7 File(s) copied
