C:\Program Files\Microsoft Visual Studio\2022\Community\MSBuild\Microsoft\VC\v170\Microsoft.CppBuild.targets(517,5): warning MSB8004: Output ディレクトリの末尾がスラッシュではありません。Output ディレクトリが適切に評価されるようにするために、このビルド インスタンスによってスラッシュが追加されます。
  controller_device_driver.cpp
  device_provider.cpp
  hmd_driver_factory.cpp
     ライブラリ C:\Users\haruto\Documents\GitHub\openvr\openvr\samples\drivers\output\drivers\simplecontroller\bin\win64\driver_simplecontroller.lib とオブジェクト C:\Users\haruto\Documents\GitHub\openvr\openvr\samples\drivers\output\drivers\simplecontroller\bin\win64\driver_simplecontroller.exp を作成中
  コード生成しています。
  Previous IPDB not found, fall back to full compilation.
  All 247 functions were compiled because no usable IPDB/IOBJ from previous compilation was found.
  コード生成が終了しました。
  simplecontroller.vcxproj -> C:\Users\haruto\Documents\GitHub\openvr\openvr\samples\drivers\output\drivers\simplecontroller\bin\win64\driver_simplecontroller.dll
  C:\Users\haruto\Documents\GitHub\openvr\openvr\samples\drivers\drivers\simplecontroller\simplecontroller\driver.vrdrivermanifest
  C:\Users\haruto\Documents\GitHub\openvr\openvr\samples\drivers\drivers\simplecontroller\simplecontroller\resources\driver.vrresources
  C:\Users\haruto\Documents\GitHub\openvr\openvr\samples\drivers\drivers\simplecontroller\simplecontroller\resources\icons\controller_status_error.png
  C:\Users\haruto\Documents\GitHub\openvr\openvr\samples\drivers\drivers\simplecontroller\simplecontroller\resources\icons\controller_status_off.png
  C:\Users\haruto\Documents\GitHub\openvr\openvr\samples\drivers\drivers\simplecontroller\simplecontroller\resources\icons\controller_status_ready.png
  C:\Users\haruto\Documents\GitHub\openvr\openvr\samples\drivers\drivers\simplecontroller\simplecontroller\resources\icons\controller_status_ready_alert.png
  C:\Users\haruto\Documents\GitHub\openvr\openvr\samples\drivers\drivers\simplecontroller\simplecontroller\resources\icons\controller_status_ready_low.png
  C:\Users\haruto\Documents\GitHub\openvr\openvr\samples\drivers\drivers\simplecontroller\simplecontroller\resources\icons\controller_status_searching.gif
  C:\Users\haruto\Documents\GitHub\openvr\openvr\samples\drivers\drivers\simplecontroller\simplecontroller\resources\icons\controller_status_searching_alert.gif
  C:\Users\haruto\Documents\GitHub\openvr\openvr\samples\drivers\drivers\simplecontroller\simplecontroller\resources\icons\controller_status_standby.png
  C:\Users\haruto\Documents\GitHub\openvr\openvr\samples\drivers\drivers\simplecontroller\simplecontroller\resources\input\mycontroller_profile.json
  C:\Users\haruto\Documents\GitHub\openvr\openvr\samples\drivers\drivers\simplecontroller\simplecontroller\resources\localization\localization.json
  C:\Users\haruto\Documents\GitHub\openvr\openvr\samples\drivers\drivers\simplecontroller\simplecontroller\resources\settings\default.vrsettings
  13 File(s) copied
